=== StatScope Bluesky Bot ===
Command: auto 
ET Time: 2026-03-28 01:00 PM ET

[01:00 PM ET] Afternoon → Game previews
  [!] Post too long (637/300). Trimming...

──────────────────────────────────────────────────
Post (272 chars):
──────────────────────────────────────────────────
📅 MLB Schedule — March 28
15 games today

▫️ TB @ STL — TBD
   Joe Boyle vs Michael McGreevy
▫️ WSH @ CHC — TBD
   Miles Mikolas vs Cade Horton
▫️ CWS @ MIL — TBD
   Sean Burke vs Chad Patrick
  ...+5 more

Previews 👉 https://statscope.vercel.app
#MLB #Baseball #StatScope
──────────────────────────────────────────────────

✅ Posted!
   https://bsky.app/profile/statscope.bsky.social/post/3mi54ajxk6e2z

──────────────────────────────────────────────────
Post (195 chars):
──────────────────────────────────────────────────
🔎 GAME PREVIEW

TB (77-85) @ STL (78-84)
⏰ TBD

TB: L4
STL: L4

⚾ Pitching Matchup:
  TB: Joe Boyle
  STL: Michael McGreevy

Full analysis 👉 https://statscope.vercel.app
#MLB #Baseball #StatScope
──────────────────────────────────────────────────

✅ Posted!
   https://bsky.app/profile/statscope.bsky.social/post/3mi54anhugr2a

──────────────────────────────────────────────────
Post (197 chars):
──────────────────────────────────────────────────
🔎 GAME PREVIEW

WSH (66-96) @ CHC (92-70)
⏰ TBD

WSH: L1
CHC: W3

⚾ Pitching Matchup:
  WSH: Miles Mikolas
  CHC: Cade Horton

Full analysis 👉 https://statscope.vercel.app
#MLB #Baseball #StatScope
──────────────────────────────────────────────────

✅ Posted!
   https://bsky.app/profile/statscope.bsky.social/post/3mi54aquydk2z
=== StatScope Bluesky Bot ===
Command: auto 
ET Time: 2026-03-29 09:00 AM ET

[09:00 AM ET] Morning → Game recaps
[2026-03-28] 15 finished games

──────────────────────────────────────────────────
Post (146 chars):
──────────────────────────────────────────────────
⚾ FINAL (10): TB 5, STL 6
🔥 Nail-biter!

W: Ryne Stanek
L: Griffin Jax

Box score & stats 👉 https://statscope.vercel.app
#MLB #Baseball #StatScope
──────────────────────────────────────────────────

✅ Posted!
   https://bsky.app/profile/statscope.bsky.social/post/3mi77cffqir2h

──────────────────────────────────────────────────
Post (131 chars):
──────────────────────────────────────────────────
⚾ FINAL: WSH 2, CHC 10

W: Cade Horton
L: Miles Mikolas

Box score & stats 👉 https://statscope.vercel.app
#MLB #Baseball #StatScope
──────────────────────────────────────────────────

✅ Posted!
   https://bsky.app/profile/statscope.bsky.social/post/3mi77cgvkna23

──────────────────────────────────────────────────
Post (155 chars):
──────────────────────────────────────────────────
⚾ FINAL (11): Athletics 7, TOR 8
🔥 Nail-biter!

W: Spencer Miles
L: Luis Medina

Box score & stats 👉 https://statscope.vercel.app
#MLB #Baseball #StatScope
──────────────────────────────────────────────────

✅ Posted!
   https://bsky.app/profile/statscope.bsky.social/post/3mi77cifcve26
