=== StatScope Bluesky Bot ===
Command: auto 
ET Time: 2026-03-26 01:00 PM ET

[01:00 PM ET] Afternoon → Game previews
  [!] Post too long (655/300). Trimming...

──────────────────────────────────────────────────
Post (283 chars):
──────────────────────────────────────────────────
📅 MLB Schedule — March 26
11 games today

▫️ PIT @ NYM — TBD
   Paul Skenes vs Freddy Peralta
▫️ CWS @ MIL — TBD
   Shane Smith vs Jacob Misiorowski
▫️ ARI @ LAD — TBD
   Zac Gallen vs Yoshinobu Yamamoto
  ...+1 more

Previews 👉 https://statscope.vercel.app
#MLB #Baseball #StatScope
──────────────────────────────────────────────────

✅ Posted!
   https://bsky.app/profile/statscope.bsky.social/post/3mhy3cpcl2z2a

──────────────────────────────────────────────────
Post (198 chars):
──────────────────────────────────────────────────
🔎 GAME PREVIEW

PIT (71-91) @ NYM (83-79)
⏰ TBD

PIT: L1
NYM: L1

⚾ Pitching Matchup:
  PIT: Paul Skenes
  NYM: Freddy Peralta

Full analysis 👉 https://statscope.vercel.app
#MLB #Baseball #StatScope
──────────────────────────────────────────────────

✅ Posted!
   https://bsky.app/profile/statscope.bsky.social/post/3mhy3csxjqc2z

──────────────────────────────────────────────────
Post (202 chars):
──────────────────────────────────────────────────
🔎 GAME PREVIEW

CWS (60-102) @ MIL (97-65)
⏰ TBD

CWS: W1
MIL: W1

⚾ Pitching Matchup:
  CWS: Shane Smith
  MIL: Jacob Misiorowski

Full analysis 👉 https://statscope.vercel.app
#MLB #Baseball #StatScope
──────────────────────────────────────────────────

✅ Posted!
   https://bsky.app/profile/statscope.bsky.social/post/3mhy3cwkge72a
