=== StatScope Bluesky Bot ===
Command: auto 
ET Time: 2026-04-01 01:00 PM ET

[01:00 PM ET] Afternoon → Game previews
  [!] Post too long (667/300). Trimming...

──────────────────────────────────────────────────
Post (283 chars):
──────────────────────────────────────────────────
📅 MLB Schedule — April 01
15 games today

▫️ Athletics @ ATL — TBD
   Luis Severino vs Chris Sale
▫️ TEX @ BAL — TBD
   Nathan Eovaldi vs Trevor Rogers
▫️ LAA @ CHC — TBD
   Yusei Kikuchi vs Matthew Boyd
  ...+5 more

Previews 👉 https://statscope.vercel.app
#MLB #Baseball #StatScope
──────────────────────────────────────────────────

✅ Posted!
   https://bsky.app/profile/statscope.bsky.social/post/3mih645lori26

──────────────────────────────────────────────────
Post (268 chars):
──────────────────────────────────────────────────
🔎 GAME PREVIEW

Athletics (76-86) @ ATL (76-86)
⏰ TBD

Athletics: L2
ATL: W1

⚾ Pitching Matchup:
  Athletics: Luis Severino (0-0, 5.14 ERA, 1.86 WHIP)
  ATL: Chris Sale (1-0, 0.00 ERA, 0.75 WHIP)

Full analysis 👉 https://statscope.vercel.app
#MLB #Baseball #StatScope
──────────────────────────────────────────────────

✅ Posted!
   https://bsky.app/profile/statscope.bsky.social/post/3mih64awtia26

──────────────────────────────────────────────────
Post (254 chars):
──────────────────────────────────────────────────
🔎 GAME PREVIEW

TEX (81-81) @ BAL (75-87)
⏰ TBD

TEX: L2
BAL: L3

⚾ Pitching Matchup:
  TEX: Nathan Eovaldi (0-1, 8.53 ERA, 1.89 WHIP)
  BAL: Trevor Rogers (1-0, 0.00 ERA, 0.78 WHIP)

Full analysis 👉 https://statscope.vercel.app
#MLB #Baseball #StatScope
──────────────────────────────────────────────────

✅ Posted!
   https://bsky.app/profile/statscope.bsky.social/post/3mih64e7cho2z
