=== StatScope Bluesky Bot ===
Command: auto 
ET Time: 2026-03-25 01:00 PM ET

[01:00 PM ET] Afternoon → Game previews

──────────────────────────────────────────────────
Post (151 chars):
──────────────────────────────────────────────────
📅 MLB Schedule — March 25
1 game today

▫️ NYY @ SF — TBD
   Max Fried vs Logan Webb

Previews 👉 https://statscope.vercel.app
#MLB #Baseball #StatScope
──────────────────────────────────────────────────

✅ Posted!
   https://bsky.app/profile/statscope.bsky.social/post/3mhvktpzsiz2z

──────────────────────────────────────────────────
Post (189 chars):
──────────────────────────────────────────────────
🔎 GAME PREVIEW

NYY (94-68) @ SF (81-81)
⏰ TBD

NYY: W8
SF: W4

⚾ Pitching Matchup:
  NYY: Max Fried
  SF: Logan Webb

Full analysis 👉 https://statscope.vercel.app
#MLB #Baseball #StatScope
──────────────────────────────────────────────────

✅ Posted!
   https://bsky.app/profile/statscope.bsky.social/post/3mhvktteo4l27
