=== StatScope Bluesky Bot ===
Command: auto 
ET Time: 2026-03-30 09:00 AM ET

[09:00 AM ET] Morning → Game recaps
[2026-03-29] 12 finished games

──────────────────────────────────────────────────
Post (143 chars):
──────────────────────────────────────────────────
⚾ FINAL: MIN 6, BAL 8

W: Rico Garcia
L: Mick Abel
SV: Ryan Helsley

Box score & stats 👉 https://statscope.vercel.app
#MLB #Baseball #StatScope
──────────────────────────────────────────────────

✅ Posted!
   https://bsky.app/profile/statscope.bsky.social/post/3mibpr5r5v62a

──────────────────────────────────────────────────
Post (133 chars):
──────────────────────────────────────────────────
⚾ FINAL: TEX 8, PHI 3

W: MacKenzie Gore
L: Jesús Luzardo

Box score & stats 👉 https://statscope.vercel.app
#MLB #Baseball #StatScope
──────────────────────────────────────────────────

✅ Posted!
   https://bsky.app/profile/statscope.bsky.social/post/3mibpr76yx62n

──────────────────────────────────────────────────
Post (142 chars):
──────────────────────────────────────────────────
⚾ FINAL: KC 4, ATL 1

W: Seth Lugo
L: Grant Holmes
SV: Lucas Erceg

Box score & stats 👉 https://statscope.vercel.app
#MLB #Baseball #StatScope
──────────────────────────────────────────────────

✅ Posted!
   https://bsky.app/profile/statscope.bsky.social/post/3mibpraq5l625
